<?xml version="1.0" encoding="UTF-8"?>
<!-- Generated by org.testng.reporters.JUnitReportReporter -->
<testsuite hostname="RBKO-LP-0077" failures="0" tests="1" name="tests.FacebookTest" time="6.095" errors="0" timestamp="29 May 2022 14:48:11 GMT" skipped="0">
  <testcase classname="tests.FacebookTest" name="postFacebookStatus" time="6.095"/>
</testsuite> <!-- tests.FacebookTest -->
