<?xml version="1.0" encoding="UTF-8"?>
<!-- Generated by org.testng.reporters.JUnitReportReporter -->
<testsuite hostname="RBKO-LP-0077" failures="0" tests="1" name="tests.WalletHubTest" time="26.569" errors="0" timestamp="29 May 2022 16:21:01 GMT" skipped="0">
  <testcase classname="tests.WalletHubTest" name="fnReviewInsurance" time="26.569"/>
</testsuite> <!-- tests.WalletHubTest -->
