<?xml version="1.0" encoding="UTF-8"?>
<!-- Generated by org.testng.reporters.JUnitReportReporter -->
<testsuite hostname="RBKO-LP-0077" failures="0" tests="1" name="tests.WalletHubTest" time="14.660" errors="0" timestamp="29 May 2022 14:48:11 GMT" skipped="0">
  <testcase classname="tests.WalletHubTest" name="fnReviewInsurance" time="14.660"/>
</testsuite> <!-- tests.WalletHubTest -->
